
> vibe-generated-app@1.0.0 dev
> vite


  VITE v5.4.20  ready in 313 ms

  ➜  Local:   http://localhost:3000/
  ➜  Network: http://172.20.10.32:3000/
11:41:29 PM [vite] Pre-transform error: Transform failed with 1 error:
/home/workspace/src/components/Hero.jsx:141:34: ERROR: Expected "{" but found "\\"
11:41:31 PM [vite] Internal server error: Transform failed with 1 error:
/home/workspace/src/components/Hero.jsx:141:34: ERROR: Expected "{" but found "\\"
  Plugin: vite:esbuild
  File: /home/workspace/src/components/Hero.jsx:141:34
  
  Expected "{" but found "\\"
  139|          >
  140|            {[{
  141|              icon: <Code className=\"h-5 w-5 text-red-400\" />, title: 'Systems & Tooling',
     |                                    ^
  142|              desc: 'Building CLIs, libraries, and services with precise control over memory and I/O.'
  143|            }, {
  
      at failureErrorWithLog (/home/workspace/node_modules/esbuild/lib/main.js:1472:15)
      at /home/workspace/node_modules/esbuild/lib/main.js:755:50
      at responseCallbacks.<computed> (/home/workspace/node_modules/esbuild/lib/main.js:622:9)
      at handleIncomingPacket (/home/workspace/node_modules/esbuild/lib/main.js:677:12)
      at Socket.readFromStdout (/home/workspace/node_modules/esbuild/lib/main.js:600:7)
      at Socket.emit (node:events:508:28)
      at addChunk (node:internal/streams/readable:559:12)
      at readableAddChunkPushByteMode (node:internal/streams/readable:510:3)
      at Readable.push (node:internal/streams/readable:390:5)
      at Pipe.onStreamRead (node:internal/stream_base_commons:189:23)
